C51 COMPILER V9.60.0.0   IIC                                                               12/23/2025 19:05:47 PAGE 1   


C51 COMPILER V9.60.0.0, COMPILATION OF MODULE IIC
OBJECT MODULE PLACED IN .\Objects\iic.obj
COMPILER INVOKED BY: D:\Keil_v5\C51\BIN\C51.EXE iic.c OPTIMIZE(8,SPEED) BROWSE DEBUG OBJECTEXTEND PRINT(.\Listings\iic.l
                    -st) OBJECT(.\Objects\iic.obj)

line level    source

   1          #include "iic.h"
   2          sbit I2C_SDA = P1^0;
   3          sbit I2C_SCL = P1^1;
   4          
   5          void Delay1us(unsigned int ms){//@40.000MHz
   6   1              while(ms--){
   7   2                      unsigned char data i;
   8   2                      _nop_();
   9   2                      i = 11;
  10   2                      while (--i);
  11   2              
  12   2              }
  13   1      }
  14          
  15          //初始化I2C
  16          void I2C_Init(void){
  17   1              P1M0 = 0;//配置P1端口为准双向口
  18   1              P1M1 = 0;
  19   1      }
  20          
  21          //iic启动 在SCL为1期间SDA产生下降沿
  22          void I2C_Start(void){
  23   1              I2C_SDA = 1;//确保SDA为1(否则无法产生下降沿)
  24   1              
  25   1              I2C_SCL = 1;
  26   1              Delay1us(1);
  27   1              I2C_SDA = 0;//SDA有一个下降沿
  28   1              
  29   1              Delay1us(1);
  30   1              I2C_SCL = 0;//防止误操作SDA
  31   1      }
  32          
  33          //iic停止 在SCL为1期间SDA产生上升沿
  34          void I2C_Stop(void){
  35   1              I2C_SDA = 0;
  36   1              Delay1us(5);
  37   1              
  38   1              I2C_SCL = 1;
  39   1              Delay1us(1);
  40   1              I2C_SDA = 1;
  41   1              
  42   1      }
  43          
  44          //I2C发送一个字节
  45          void I2C_SendByte(unsigned char Send_Byte) {
  46   1          unsigned char i;
  47   1          for (i = 0; i < 8; i++) {
  48   2              I2C_SDA = (Send_Byte & (0x80 >> i)) ? 1 : 0; // 显式转为 0/1
  49   2              Delay1us(1);
  50   2              I2C_SCL = 1;
  51   2              Delay1us(1);         
  52   2              I2C_SCL = 0;          
  53   2          }
  54   1      }
C51 COMPILER V9.60.0.0   IIC                                                               12/23/2025 19:05:47 PAGE 2   

  55          
  56          //I2C接收一个字节
  57          unsigned char I2C_RecvByte(void) {
  58   1          unsigned char i;
  59   1          unsigned char Byte = 0;
  60   1          I2C_SDA = 1; // 释放总线
  61   1          for (i = 0; i < 8; i++) {
  62   2              I2C_SCL = 1;
  63   2                      Delay1us(1);
  64   2              if (I2C_SDA) {
  65   3                  Byte |= (0x80 >> i);
  66   3              }
  67   2              I2C_SCL = 0; // 必须在每次循环末尾拉低
  68   2              Delay1us(1);
  69   2          }
  70   1          return Byte;
  71   1      }
  72          
  73          //I2C发送应答
  74          void I2C_Send_Ack(unsigned char SDA_Ack){
  75   1              I2C_SDA = SDA_Ack;
  76   1              Delay1us(1);
  77   1              I2C_SCL = 1;
  78   1              Delay1us(1);
  79   1              I2C_SCL = 0;
  80   1      }
  81          
  82          //I2C接受应答
  83          unsigned char I2C_Recv_Ack(void){
  84   1              unsigned char Ack;
  85   1              I2C_SDA = 1;
  86   1              Delay1us(1);
  87   1              I2C_SCL = 1;
  88   1              Delay1us(1);
  89   1              Ack = I2C_SDA;
  90   1              I2C_SCL = 0;
  91   1              return Ack;
  92   1      }
  93          


MODULE INFORMATION:   STATIC OVERLAYABLE
   CODE SIZE        =    196    ----
   CONSTANT SIZE    =   ----    ----
   XDATA SIZE       =   ----    ----
   PDATA SIZE       =   ----    ----
   DATA SIZE        =   ----       1
   IDATA SIZE       =   ----    ----
   BIT SIZE         =   ----    ----
END OF MODULE INFORMATION.


C51 COMPILATION COMPLETE.  0 WARNING(S),  0 ERROR(S)
