C51 COMPILER V9.60.0.0   MAIN                                                              12/23/2025 19:10:14 PAGE 1   


C51 COMPILER V9.60.0.0, COMPILATION OF MODULE MAIN
OBJECT MODULE PLACED IN .\Objects\main.obj
COMPILER INVOKED BY: D:\Keil_v5\C51\BIN\C51.EXE main.c OPTIMIZE(8,SPEED) BROWSE DEBUG OBJECTEXTEND PRINT(.\Listings\main
                    -.lst) OBJECT(.\Objects\main.obj)

line level    source

   1          #include <AI8051U.H>
   2          #include "iic.h"
   3          #include "oled.h"
   4          void main(void){
   5   1              unsigned char ack,i;
   6   1              P2M0 = 0;//配置P2端口为准双向口
   7   1              P2M1 = 0;//我这里仅仅作为点灯debug用
   8   1              
   9   1              /*测试是否应答 debug
  10   1              I2C_Start();
  11   1              I2C_SendByte(0x78);
  12   1              ack = I2C_Recv_Ack();
  13   1              I2C_Stop();
  14   1              */
  15   1              
  16   1              //初始化I2C
  17   1              I2C_Init();
  18   1              OLED_Init();
  19   1              OLED_Clear();
  20   1              OLED_SetCursor(0,0);
  21   1              for(i = 0;i < 128;i++){
  22   2                      OLED_SendData(0xff);
  23   2              }
  24   1              while(1){
  25   2                      /* 这些代码仅仅用来debug，没有也无伤大雅
  26   2                      P2 = 0xfe;
  27   2                      if (ack == 0){
  28   2                              P2 = 0x00;
  29   2                      }
  30   2                      */
  31   2                      
  32   2              }
  33   1      }
*** WARNING C280 IN LINE 5 OF main.c: 'ack': unreferenced local variable


MODULE INFORMATION:   STATIC OVERLAYABLE
   CODE SIZE        =     45    ----
   CONSTANT SIZE    =   ----    ----
   XDATA SIZE       =   ----    ----
   PDATA SIZE       =   ----    ----
   DATA SIZE        =   ----       2
   IDATA SIZE       =   ----    ----
   BIT SIZE         =   ----    ----
END OF MODULE INFORMATION.


C51 COMPILATION COMPLETE.  1 WARNING(S),  0 ERROR(S)
